SF:lib/domain/usecases/get_movie_detail.dart
DA:8,1
DA:10,1
DA:11,2
LF:3
LH:3
end_of_record
SF:lib/domain/usecases/get_movie_recommendations.dart
DA:8,1
DA:10,1
DA:11,2
LF:3
LH:3
end_of_record
SF:lib/domain/usecases/get_now_playing_movies.dart
DA:8,1
DA:10,1
DA:11,2
LF:3
LH:3
end_of_record
SF:lib/domain/usecases/get_popular_movies.dart
DA:8,1
DA:10,1
DA:11,2
LF:3
LH:3
end_of_record
SF:lib/domain/usecases/get_top_rated_movies.dart
DA:8,1
DA:10,1
DA:11,2
LF:3
LH:3
end_of_record
SF:lib/domain/usecases/get_watchlist_movies.dart
DA:8,1
DA:10,1
DA:11,2
LF:3
LH:3
end_of_record
SF:lib/domain/usecases/get_watchlist_status.dart
DA:6,1
DA:8,1
DA:9,2
LF:3
LH:3
end_of_record
SF:lib/domain/usecases/remove_watchlist.dart
DA:8,1
DA:10,1
DA:11,2
LF:3
LH:3
end_of_record
SF:lib/domain/usecases/save_watchlist.dart
DA:8,1
DA:10,1
DA:11,2
LF:3
LH:3
end_of_record
SF:lib/domain/usecases/search_movies.dart
DA:8,1
DA:10,1
DA:11,2
LF:3
LH:3
end_of_record
SF:lib/presentation/pages/movie_detail_page.dart
DA:11,1
DA:13,1
DA:14,1
DA:18,1
DA:20,1
DA:21,2
DA:22,2
DA:23,3
DA:24,2
DA:25,3
DA:29,1
DA:31,1
DA:32,1
DA:33,1
DA:34,2
DA:38,2
DA:39,1
DA:40,1
DA:41,1
DA:43,1
DA:44,1
DA:48,0
LF:22
LH:21
end_of_record
SF:lib/presentation/pages/movie_list_page.dart
DA:10,0
DA:12,0
DA:13,0
DA:17,0
DA:19,0
DA:20,0
DA:21,0
DA:22,0
DA:23,0
DA:24,0
DA:27,0
DA:29,0
DA:31,0
DA:32,0
DA:34,0
DA:35,0
DA:37,0
DA:42,0
DA:43,0
DA:44,0
DA:48,0
DA:49,0
DA:54,0
DA:56,0
DA:57,0
DA:59,0
DA:60,0
DA:61,0
DA:65,0
DA:66,0
DA:71,0
DA:73,0
DA:74,0
DA:76,0
DA:77,0
DA:78,0
DA:82,0
DA:83,0
DA:94,0
DA:95,0
DA:97,0
DA:98,0
DA:100,0
DA:102,0
DA:119,0
DA:121,0
DA:123,0
DA:125,0
DA:127,0
DA:128,0
DA:129,0
DA:131,0
DA:132,0
DA:133,0
DA:136,0
DA:139,0
DA:141,0
DA:142,0
DA:143,0
DA:146,0
DA:152,0
LF:61
LH:0
end_of_record
SF:lib/presentation/pages/now_playing_movie_page.dart
DA:10,1
DA:12,1
DA:13,1
DA:17,1
DA:19,1
DA:20,2
DA:21,2
DA:22,1
DA:25,1
DA:27,1
DA:28,1
DA:31,1
DA:33,1
DA:34,1
DA:35,2
DA:39,2
DA:40,1
DA:41,0
DA:42,0
DA:43,0
DA:44,0
DA:45,0
DA:46,0
DA:47,0
DA:48,0
DA:51,0
DA:56,2
DA:59,1
DA:61,2
LF:29
LH:20
end_of_record
SF:lib/presentation/pages/popular_movies_page.dart
DA:12,1
DA:14,1
DA:15,1
DA:19,1
DA:21,1
DA:22,2
DA:23,2
DA:24,1
DA:27,1
DA:29,1
DA:30,1
DA:33,1
DA:35,1
DA:36,1
DA:37,2
DA:41,2
DA:42,1
DA:43,0
DA:44,0
DA:45,0
DA:46,0
DA:47,0
DA:48,0
DA:49,0
DA:50,0
DA:53,0
DA:58,2
DA:61,1
DA:63,2
LF:29
LH:20
end_of_record
SF:lib/presentation/pages/search_movie_page.dart
DA:12,0
DA:14,0
DA:16,0
DA:17,0
DA:20,0
DA:22,0
DA:24,0
DA:25,0
DA:26,0
DA:27,0
DA:28,0
DA:38,0
DA:40,0
DA:42,0
DA:43,0
DA:44,0
DA:48,0
DA:49,0
DA:50,0
DA:51,0
DA:53,0
DA:54,0
DA:55,0
DA:56,0
DA:57,0
DA:58,0
DA:59,0
DA:60,0
DA:63,0
DA:68,0
DA:72,0
DA:73,0
LF:32
LH:0
end_of_record
SF:lib/presentation/pages/top_rated_movies_page.dart
DA:12,1
DA:14,1
DA:15,1
DA:19,1
DA:21,1
DA:22,2
DA:23,2
DA:24,1
DA:27,1
DA:29,1
DA:30,1
DA:33,1
DA:35,1
DA:36,1
DA:37,2
DA:41,2
DA:42,1
DA:43,0
DA:44,0
DA:45,0
DA:46,0
DA:47,0
DA:48,0
DA:49,0
DA:50,0
DA:53,0
DA:58,2
DA:61,1
DA:63,2
LF:29
LH:20
end_of_record
SF:lib/presentation/pages/watchlist_movies_page.dart
DA:12,0
DA:13,0
DA:18,0
DA:20,0
DA:21,0
DA:22,0
DA:23,0
DA:26,0
DA:28,0
DA:29,0
DA:32,0
DA:34,0
DA:35,0
DA:38,0
DA:40,0
DA:42,0
DA:43,0
DA:44,0
DA:48,0
DA:49,0
DA:50,0
DA:51,0
DA:52,0
DA:53,0
DA:54,0
DA:55,0
DA:56,0
DA:57,0
DA:60,0
DA:65,0
DA:68,0
DA:70,0
DA:78,0
DA:80,0
DA:81,0
LF:35
LH:0
end_of_record
SF:lib/presentation/provider/movie_detail_notifier.dart
DA:18,1
DA:27,2
DA:30,2
DA:33,2
DA:36,2
DA:39,2
DA:42,2
DA:44,1
DA:45,1
DA:46,1
DA:47,2
DA:48,2
DA:49,1
DA:50,1
DA:51,1
DA:52,2
DA:53,1
DA:55,1
DA:56,1
DA:57,1
DA:58,1
DA:59,1
DA:60,1
DA:61,1
DA:62,2
DA:64,1
DA:65,1
DA:66,1
DA:69,1
DA:70,1
DA:76,2
DA:78,1
DA:79,2
DA:81,1
DA:82,1
DA:83,2
DA:85,1
DA:86,1
DA:90,2
DA:93,1
DA:94,2
DA:96,1
DA:97,0
DA:98,0
DA:100,1
DA:101,1
DA:105,2
DA:108,1
DA:109,2
DA:110,1
DA:111,1
LF:51
LH:49
end_of_record
SF:lib/presentation/provider/movie_list_notifier.dart
DA:9,2
DA:12,2
DA:15,2
DA:18,2
DA:21,2
DA:24,2
DA:27,2
DA:29,1
DA:39,1
DA:40,1
DA:41,1
DA:43,2
DA:44,1
DA:45,1
DA:46,1
DA:47,2
DA:48,1
DA:50,1
DA:51,1
DA:52,1
DA:53,1
DA:58,1
DA:59,1
DA:60,1
DA:62,2
DA:63,1
DA:64,1
DA:65,1
DA:66,2
DA:67,1
DA:69,1
DA:70,1
DA:71,1
DA:72,1
DA:77,1
DA:78,1
DA:79,1
DA:81,2
DA:82,1
DA:83,1
DA:84,1
DA:85,2
DA:86,1
DA:88,1
DA:89,1
DA:90,1
DA:91,1
LF:47
LH:47
end_of_record
SF:lib/presentation/provider/movie_search_notifier.dart
DA:10,1
DA:13,2
DA:16,2
DA:19,2
DA:21,1
DA:22,1
DA:23,1
DA:25,2
DA:26,1
DA:27,1
DA:28,2
DA:29,1
DA:30,1
DA:32,1
DA:33,1
DA:34,1
DA:35,1
LF:17
LH:17
end_of_record
SF:lib/presentation/provider/now_playing_movie_notifier.dart
DA:10,1
DA:13,2
DA:16,2
DA:19,2
DA:21,1
DA:22,1
DA:23,1
DA:25,2
DA:26,1
DA:27,1
DA:28,1
DA:29,2
DA:30,1
DA:32,1
DA:33,1
DA:34,1
DA:35,1
LF:17
LH:17
end_of_record
SF:lib/presentation/provider/popular_movies_notifier.dart
DA:10,1
DA:13,2
DA:16,2
DA:19,2
DA:21,1
DA:22,1
DA:23,1
DA:25,2
DA:27,1
DA:28,1
DA:29,2
DA:30,1
DA:31,1
DA:33,1
DA:34,1
DA:35,1
DA:36,1
LF:17
LH:17
end_of_record
SF:lib/presentation/provider/top_rated_movies_notifier.dart
DA:10,1
DA:13,2
DA:16,2
DA:19,2
DA:21,1
DA:22,1
DA:23,1
DA:25,2
DA:27,1
DA:28,1
DA:29,2
DA:30,1
DA:31,1
DA:33,1
DA:34,1
DA:35,1
DA:36,1
LF:17
LH:17
end_of_record
SF:lib/presentation/provider/watchlist_movie_notifier.dart
DA:9,2
DA:12,2
DA:15,2
DA:17,1
DA:21,1
DA:22,1
DA:23,1
DA:25,2
DA:26,1
DA:27,1
DA:28,1
DA:29,2
DA:30,1
DA:32,1
DA:33,1
DA:34,1
DA:35,1
LF:17
LH:17
end_of_record
SF:lib/presentation/widgets/card_list.dart
DA:11,0
DA:24,0
DA:26,0
DA:28,0
DA:29,0
DA:30,0
DA:32,0
DA:33,0
DA:34,0
DA:40,0
DA:42,0
DA:43,0
DA:44,0
DA:47,0
DA:50,0
DA:51,0
DA:59,0
DA:64,0
DA:66,0
DA:67,0
DA:69,0
DA:72,0
LF:22
LH:0
end_of_record
SF:lib/presentation/widgets/detail_content_movie.dart
DA:15,1
DA:19,1
DA:21,3
DA:22,1
DA:23,1
DA:24,1
DA:25,3
DA:27,1
DA:30,0
DA:32,1
DA:34,1
DA:35,1
DA:36,1
DA:46,1
DA:47,1
DA:48,1
DA:50,1
DA:52,1
DA:54,1
DA:55,1
DA:56,2
DA:57,1
DA:59,1
DA:60,1
DA:61,1
DA:62,1
DA:65,2
DA:67,0
DA:70,0
DA:73,1
DA:74,1
DA:76,1
DA:79,1
DA:82,1
DA:85,1
DA:86,2
DA:87,2
DA:90,1
DA:91,1
DA:93,1
DA:94,1
DA:95,1
DA:101,1
DA:103,1
DA:104,1
DA:111,1
DA:112,3
DA:114,1
DA:115,3
DA:117,1
DA:118,1
DA:119,1
DA:120,3
DA:122,1
DA:128,4
DA:132,1
DA:134,1
DA:136,1
DA:137,2
DA:140,1
DA:142,1
DA:144,1
DA:145,1
DA:146,2
DA:151,2
DA:153,0
DA:154,2
DA:156,1
DA:158,1
DA:160,0
DA:161,0
DA:162,0
DA:164,0
DA:165,0
DA:166,0
DA:169,0
DA:172,0
DA:177,0
DA:179,0
DA:180,0
DA:186,0
DA:193,2
DA:197,0
DA:205,1
DA:207,1
DA:222,1
DA:224,1
DA:227,1
DA:229,0
DA:230,0
DA:239,1
DA:241,2
DA:242,3
DA:245,1
DA:249,3
DA:252,1
DA:253,1
DA:254,1
DA:256,1
DA:257,1
DA:259,0
LF:101
LH:81
end_of_record
